 :: object
.data :: object
.data.after :: string
.data.before :: null
.data.children :: array
.data.children[n] :: object
.data.children[n].data :: object
.data.children[n].data.approved_at_utc :: null
.data.children[n].data.approved_by :: null
.data.children[n].data.archived :: boolean
.data.children[n].data.author :: string
.data.children[n].data.author_flair_background_color :: null
.data.children[n].data.author_flair_css_class :: null
.data.children[n].data.author_flair_richtext :: array
.data.children[n].data.author_flair_template_id :: null
.data.children[n].data.author_flair_text :: null
.data.children[n].data.author_flair_text_color :: null
.data.children[n].data.author_flair_type :: string
.data.children[n].data.banned_at_utc :: null
.data.children[n].data.banned_by :: null
.data.children[n].data.can_gild :: boolean
.data.children[n].data.can_mod_post :: boolean
.data.children[n].data.category :: null
.data.children[n].data.clicked :: boolean
.data.children[n].data.content_categories :: array | null
.data.children[n].data.content_categories[n] :: string
.data.children[n].data.contest_mode :: boolean
.data.children[n].data.created :: number
.data.children[n].data.created_utc :: number
.data.children[n].data.distinguished :: null
.data.children[n].data.domain :: string
.data.children[n].data.downs :: number
.data.children[n].data.edited :: boolean | number
.data.children[n].data.gilded :: number
.data.children[n].data.hidden :: boolean
.data.children[n].data.hide_score :: boolean
.data.children[n].data.id :: string
.data.children[n].data.is_crosspostable :: boolean
.data.children[n].data.is_original_content :: boolean
.data.children[n].data.is_reddit_media_domain :: boolean
.data.children[n].data.is_self :: boolean
.data.children[n].data.is_video :: boolean
.data.children[n].data.likes :: null
.data.children[n].data.link_flair_background_color :: empty | string
.data.children[n].data.link_flair_css_class :: null | string
.data.children[n].data.link_flair_richtext :: array
.data.children[n].data.link_flair_richtext[n] :: object
.data.children[n].data.link_flair_richtext[n].e :: string
.data.children[n].data.link_flair_richtext[n].t :: string
.data.children[n].data.link_flair_template_id :: empty | string
.data.children[n].data.link_flair_text :: null | string
.data.children[n].data.link_flair_text_color :: string
.data.children[n].data.link_flair_type :: string
.data.children[n].data.locked :: boolean
.data.children[n].data.media :: null | object
.data.children[n].data.media.oembed :: empty | object
.data.children[n].data.media.oembed.author_name :: empty | string
.data.children[n].data.media.oembed.author_url :: empty | string
.data.children[n].data.media.oembed.description :: empty | string
.data.children[n].data.media.oembed.height :: number
.data.children[n].data.media.oembed.html :: string
.data.children[n].data.media.oembed.provider_name :: string
.data.children[n].data.media.oembed.provider_url :: string
.data.children[n].data.media.oembed.thumbnail_height :: number
.data.children[n].data.media.oembed.thumbnail_url :: string
.data.children[n].data.media.oembed.thumbnail_width :: number
.data.children[n].data.media.oembed.title :: string
.data.children[n].data.media.oembed.type :: string
.data.children[n].data.media.oembed.version :: string
.data.children[n].data.media.oembed.width :: number
.data.children[n].data.media.reddit_video :: empty | object
.data.children[n].data.media.reddit_video.dash_url :: string
.data.children[n].data.media.reddit_video.duration :: number
.data.children[n].data.media.reddit_video.fallback_url :: string
.data.children[n].data.media.reddit_video.height :: number
.data.children[n].data.media.reddit_video.hls_url :: string
.data.children[n].data.media.reddit_video.is_gif :: boolean
.data.children[n].data.media.reddit_video.scrubber_media_url :: string
.data.children[n].data.media.reddit_video.transcoding_status :: string
.data.children[n].data.media.reddit_video.width :: number
.data.children[n].data.media.type :: empty | string
.data.children[n].data.media_embed :: object
.data.children[n].data.media_embed.content :: empty | string
.data.children[n].data.media_embed.height :: empty | number
.data.children[n].data.media_embed.scrolling :: boolean | empty
.data.children[n].data.media_embed.width :: empty | number
.data.children[n].data.media_only :: boolean
.data.children[n].data.mod_note :: null
.data.children[n].data.mod_reason_by :: null
.data.children[n].data.mod_reason_title :: null
.data.children[n].data.mod_reports :: array
.data.children[n].data.name :: string
.data.children[n].data.no_follow :: boolean
.data.children[n].data.num_comments :: number
.data.children[n].data.num_crossposts :: number
.data.children[n].data.num_reports :: null
.data.children[n].data.over_18 :: boolean
.data.children[n].data.parent_whitelist_status :: string
.data.children[n].data.permalink :: string
.data.children[n].data.pinned :: boolean
.data.children[n].data.post_categories :: null
.data.children[n].data.post_hint :: empty | string
.data.children[n].data.preview :: empty | object
.data.children[n].data.preview.enabled :: boolean
.data.children[n].data.preview.images :: array
.data.children[n].data.preview.images[n] :: object
.data.children[n].data.preview.images[n].id :: string
.data.children[n].data.preview.images[n].resolutions :: array
.data.children[n].data.preview.images[n].resolutions[n] :: object
.data.children[n].data.preview.images[n].resolutions[n].height :: number
.data.children[n].data.preview.images[n].resolutions[n].url :: string
.data.children[n].data.preview.images[n].resolutions[n].width :: number
.data.children[n].data.preview.images[n].source :: object
.data.children[n].data.preview.images[n].source.height :: number
.data.children[n].data.preview.images[n].source.url :: string
.data.children[n].data.preview.images[n].source.width :: number
.data.children[n].data.preview.images[n].variants :: object
.data.children[n].data.preview.images[n].variants.gif :: empty | object
.data.children[n].data.preview.images[n].variants.gif.resolutions :: array
.data.children[n].data.preview.images[n].variants.gif.resolutions[n] :: object
.data.children[n].data.preview.images[n].variants.gif.resolutions[n].height :: number
.data.children[n].data.preview.images[n].variants.gif.resolutions[n].url :: string
.data.children[n].data.preview.images[n].variants.gif.resolutions[n].width :: number
.data.children[n].data.preview.images[n].variants.gif.source :: object
.data.children[n].data.preview.images[n].variants.gif.source.height :: number
.data.children[n].data.preview.images[n].variants.gif.source.url :: string
.data.children[n].data.preview.images[n].variants.gif.source.width :: number
.data.children[n].data.preview.images[n].variants.mp4 :: empty | object
.data.children[n].data.preview.images[n].variants.mp4.resolutions :: array
.data.children[n].data.preview.images[n].variants.mp4.resolutions[n] :: object
.data.children[n].data.preview.images[n].variants.mp4.resolutions[n].height :: number
.data.children[n].data.preview.images[n].variants.mp4.resolutions[n].url :: string
.data.children[n].data.preview.images[n].variants.mp4.resolutions[n].width :: number
.data.children[n].data.preview.images[n].variants.mp4.source :: object
.data.children[n].data.preview.images[n].variants.mp4.source.height :: number
.data.children[n].data.preview.images[n].variants.mp4.source.url :: string
.data.children[n].data.preview.images[n].variants.mp4.source.width :: number
.data.children[n].data.preview.reddit_video_preview :: empty | object
.data.children[n].data.preview.reddit_video_preview.dash_url :: string
.data.children[n].data.preview.reddit_video_preview.duration :: number
.data.children[n].data.preview.reddit_video_preview.fallback_url :: string
.data.children[n].data.preview.reddit_video_preview.height :: number
.data.children[n].data.preview.reddit_video_preview.hls_url :: string
.data.children[n].data.preview.reddit_video_preview.is_gif :: boolean
.data.children[n].data.preview.reddit_video_preview.scrubber_media_url :: string
.data.children[n].data.preview.reddit_video_preview.transcoding_status :: string
.data.children[n].data.preview.reddit_video_preview.width :: number
.data.children[n].data.previous_visits :: array | empty
.data.children[n].data.pwls :: number
.data.children[n].data.quarantine :: boolean
.data.children[n].data.removal_reason :: null
.data.children[n].data.report_reasons :: null
.data.children[n].data.rte_mode :: string
.data.children[n].data.saved :: boolean
.data.children[n].data.score :: number
.data.children[n].data.secure_media :: null | object
.data.children[n].data.secure_media.oembed :: empty | object
.data.children[n].data.secure_media.oembed.author_name :: empty | string
.data.children[n].data.secure_media.oembed.author_url :: empty | string
.data.children[n].data.secure_media.oembed.description :: empty | string
.data.children[n].data.secure_media.oembed.height :: number
.data.children[n].data.secure_media.oembed.html :: string
.data.children[n].data.secure_media.oembed.provider_name :: string
.data.children[n].data.secure_media.oembed.provider_url :: string
.data.children[n].data.secure_media.oembed.thumbnail_height :: number
.data.children[n].data.secure_media.oembed.thumbnail_url :: string
.data.children[n].data.secure_media.oembed.thumbnail_width :: number
.data.children[n].data.secure_media.oembed.title :: string
.data.children[n].data.secure_media.oembed.type :: string
.data.children[n].data.secure_media.oembed.version :: string
.data.children[n].data.secure_media.oembed.width :: number
.data.children[n].data.secure_media.reddit_video :: empty | object
.data.children[n].data.secure_media.reddit_video.dash_url :: string
.data.children[n].data.secure_media.reddit_video.duration :: number
.data.children[n].data.secure_media.reddit_video.fallback_url :: string
.data.children[n].data.secure_media.reddit_video.height :: number
.data.children[n].data.secure_media.reddit_video.hls_url :: string
.data.children[n].data.secure_media.reddit_video.is_gif :: boolean
.data.children[n].data.secure_media.reddit_video.scrubber_media_url :: string
.data.children[n].data.secure_media.reddit_video.transcoding_status :: string
.data.children[n].data.secure_media.reddit_video.width :: number
.data.children[n].data.secure_media.type :: empty | string
.data.children[n].data.secure_media_embed :: object
.data.children[n].data.secure_media_embed.content :: empty | string
.data.children[n].data.secure_media_embed.height :: empty | number
.data.children[n].data.secure_media_embed.media_domain_url :: empty | string
.data.children[n].data.secure_media_embed.scrolling :: boolean | empty
.data.children[n].data.secure_media_embed.width :: empty | number
.data.children[n].data.selftext :: string
.data.children[n].data.selftext_html :: null | string
.data.children[n].data.send_replies :: boolean
.data.children[n].data.spoiler :: boolean
.data.children[n].data.stickied :: boolean
.data.children[n].data.subreddit :: string
.data.children[n].data.subreddit_id :: string
.data.children[n].data.subreddit_name_prefixed :: string
.data.children[n].data.subreddit_subscribers :: number
.data.children[n].data.subreddit_type :: string
.data.children[n].data.suggested_sort :: null | string
.data.children[n].data.thumbnail :: string
.data.children[n].data.thumbnail_height :: null | number
.data.children[n].data.thumbnail_width :: null | number
.data.children[n].data.title :: string
.data.children[n].data.ups :: number
.data.children[n].data.url :: string
.data.children[n].data.user_reports :: array
.data.children[n].data.view_count :: null
.data.children[n].data.visited :: boolean
.data.children[n].data.whitelist_status :: string
.data.children[n].data.wls :: number
.data.children[n].kind :: string
.data.dist :: number
.data.modhash :: string
.kind :: string
